  main.cpp
C:\Users\胡家伟的windows\Desktop\RlToMinDFA\RlToMinDFA\class.h(40,20): warning C4018: “<”: 有符号/无符号不匹配
C:\Users\胡家伟的windows\Desktop\RlToMinDFA\RlToMinDFA\class.h(88,20): warning C4018: “<”: 有符号/无符号不匹配
C:\Users\胡家伟的windows\Desktop\RlToMinDFA\RlToMinDFA\RLto_NFA.h(67,24): warning C4018: “<”: 有符号/无符号不匹配
C:\Users\胡家伟的windows\Desktop\RlToMinDFA\RlToMinDFA\RLto_NFA.h(71,24): warning C4018: “<”: 有符号/无符号不匹配
C:\Users\胡家伟的windows\Desktop\RlToMinDFA\RlToMinDFA\RLto_NFA.h(116,25): warning C4018: “<”: 有符号/无符号不匹配
C:\Users\胡家伟的windows\Desktop\RlToMinDFA\RlToMinDFA\RLto_NFA.h(120,25): warning C4018: “<”: 有符号/无符号不匹配
C:\Users\胡家伟的windows\Desktop\RlToMinDFA\RlToMinDFA\RLto_NFA.h(152,25): warning C4018: “<”: 有符号/无符号不匹配
C:\Users\胡家伟的windows\Desktop\RlToMinDFA\RlToMinDFA\RLto_NFA.h(156,25): warning C4018: “<”: 有符号/无符号不匹配
C:\Users\胡家伟的windows\Desktop\RlToMinDFA\RlToMinDFA\RLto_NFA.h(164,25): warning C4018: “<”: 有符号/无符号不匹配
C:\Users\胡家伟的windows\Desktop\RlToMinDFA\RlToMinDFA\RLto_NFA.h(209,24): warning C4018: “<”: 有符号/无符号不匹配
C:\Users\胡家伟的windows\Desktop\RlToMinDFA\RlToMinDFA\RLto_NFA.h(213,24): warning C4018: “<”: 有符号/无符号不匹配
C:\Users\胡家伟的windows\Desktop\RlToMinDFA\RlToMinDFA\RLto_NFA.h(253,24): warning C4018: “<”: 有符号/无符号不匹配
C:\Users\胡家伟的windows\Desktop\RlToMinDFA\RlToMinDFA\RLto_NFA.h(257,24): warning C4018: “<”: 有符号/无符号不匹配
C:\Users\胡家伟的windows\Desktop\RlToMinDFA\RlToMinDFA\RLto_NFA.h(289,24): warning C4018: “<”: 有符号/无符号不匹配
C:\Users\胡家伟的windows\Desktop\RlToMinDFA\RlToMinDFA\RLto_NFA.h(293,24): warning C4018: “<”: 有符号/无符号不匹配
C:\Users\胡家伟的windows\Desktop\RlToMinDFA\RlToMinDFA\RLto_NFA.h(301,24): warning C4018: “<”: 有符号/无符号不匹配
C:\Users\胡家伟的windows\Desktop\RlToMinDFA\RlToMinDFA\RLto_NFA.h(326,24): warning C4018: “<”: 有符号/无符号不匹配
C:\Users\胡家伟的windows\Desktop\RlToMinDFA\RlToMinDFA\RLto_NFA.h(331,24): warning C4018: “<”: 有符号/无符号不匹配
C:\Users\胡家伟的windows\Desktop\RlToMinDFA\RlToMinDFA\RLto_NFA.h(342,24): warning C4018: “<”: 有符号/无符号不匹配
C:\Users\胡家伟的windows\Desktop\RlToMinDFA\RlToMinDFA\RLto_NFA.h(404,22): warning C4018: “<”: 有符号/无符号不匹配
C:\Users\胡家伟的windows\Desktop\RlToMinDFA\RlToMinDFA\RLto_NFA.h(408,22): warning C4018: “<”: 有符号/无符号不匹配
C:\Users\胡家伟的windows\Desktop\RlToMinDFA\RlToMinDFA\RLto_NFA.h(440,22): warning C4018: “<”: 有符号/无符号不匹配
C:\Users\胡家伟的windows\Desktop\RlToMinDFA\RlToMinDFA\RLto_NFA.h(444,22): warning C4018: “<”: 有符号/无符号不匹配
C:\Users\胡家伟的windows\Desktop\RlToMinDFA\RlToMinDFA\RLto_NFA.h(452,22): warning C4018: “<”: 有符号/无符号不匹配
C:\Users\胡家伟的windows\Desktop\RlToMinDFA\RlToMinDFA\RLto_NFA.h(477,22): warning C4018: “<”: 有符号/无符号不匹配
C:\Users\胡家伟的windows\Desktop\RlToMinDFA\RlToMinDFA\RLto_NFA.h(482,22): warning C4018: “<”: 有符号/无符号不匹配
C:\Users\胡家伟的windows\Desktop\RlToMinDFA\RlToMinDFA\RLto_NFA.h(493,22): warning C4018: “<”: 有符号/无符号不匹配
C:\Users\胡家伟的windows\Desktop\RlToMinDFA\RlToMinDFA\RLto_NFA.h(541,20): warning C4018: “<”: 有符号/无符号不匹配
C:\Users\胡家伟的windows\Desktop\RlToMinDFA\RlToMinDFA\RLto_NFA.h(566,20): warning C4018: “<”: 有符号/无符号不匹配
C:\Users\胡家伟的windows\Desktop\RlToMinDFA\RlToMinDFA\RLto_NFA.h(609,20): warning C4018: “<”: 有符号/无符号不匹配
C:\Users\胡家伟的windows\Desktop\RlToMinDFA\RlToMinDFA\minDFA.h(10,20): warning C4018: “<”: 有符号/无符号不匹配
C:\Users\胡家伟的windows\Desktop\RlToMinDFA\RlToMinDFA\minDFA.h(15,20): warning C4018: “<”: 有符号/无符号不匹配
C:\Users\胡家伟的windows\Desktop\RlToMinDFA\RlToMinDFA\minDFA.h(105,20): warning C4018: “<”: 有符号/无符号不匹配
C:\Users\胡家伟的windows\Desktop\RlToMinDFA\RlToMinDFA\minDFA.h(110,20): warning C4018: “<”: 有符号/无符号不匹配
C:\Users\胡家伟的windows\Desktop\RlToMinDFA\RlToMinDFA\minDFA.h(115,20): warning C4018: “<”: 有符号/无符号不匹配
C:\Users\胡家伟的windows\Desktop\RlToMinDFA\RlToMinDFA\minDFA.h(142,20): warning C4018: “<”: 有符号/无符号不匹配
C:\Users\胡家伟的windows\Desktop\RlToMinDFA\RlToMinDFA\minDFA.h(158,21): warning C4018: “<”: 有符号/无符号不匹配
C:\Users\胡家伟的windows\Desktop\RlToMinDFA\RlToMinDFA\minDFA.h(232,21): warning C4018: “<”: 有符号/无符号不匹配
C:\Users\胡家伟的windows\Desktop\RlToMinDFA\RlToMinDFA\minDFA.h(241,21): warning C4018: “<”: 有符号/无符号不匹配
C:\Users\胡家伟的windows\Desktop\RlToMinDFA\RlToMinDFA\minDFA.h(268,20): warning C4018: “<”: 有符号/无符号不匹配
C:\Users\胡家伟的windows\Desktop\RlToMinDFA\RlToMinDFA\removeabasolong.h(28,20): warning C4018: “<”: 有符号/无符号不匹配
C:\Users\胡家伟的windows\Desktop\RlToMinDFA\RlToMinDFA\removeabasolong.h(85,23): warning C4018: “<”: 有符号/无符号不匹配
C:\Users\胡家伟的windows\Desktop\RlToMinDFA\RlToMinDFA\removeabasolong.h(89,23): warning C4018: “<”: 有符号/无符号不匹配
C:\Users\胡家伟的windows\Desktop\RlToMinDFA\RlToMinDFA\removeabasolong.h(119,20): warning C4018: “<”: 有符号/无符号不匹配
C:\Users\胡家伟的windows\Desktop\RlToMinDFA\RlToMinDFA\removeabasolong.h(120,21): warning C4018: “<”: 有符号/无符号不匹配
C:\Users\胡家伟的windows\Desktop\RlToMinDFA\RlToMinDFA\removeabasolong.h(122,23): warning C4018: “<”: 有符号/无符号不匹配
C:\Users\胡家伟的windows\Desktop\RlToMinDFA\RlToMinDFA\removeabasolong.h(151,20): warning C4018: “<”: 有符号/无符号不匹配
C:\Users\胡家伟的windows\Desktop\RlToMinDFA\RlToMinDFA\removeabasolong.h(162,21): warning C4018: “<”: 有符号/无符号不匹配
C:\Users\胡家伟的windows\Desktop\RlToMinDFA\RlToMinDFA\removeabasolong.h(182,20): warning C4018: “<”: 有符号/无符号不匹配
C:\Users\胡家伟的windows\Desktop\RlToMinDFA\RlToMinDFA\removeabasolong.h(183,21): warning C4018: “<”: 有符号/无符号不匹配
C:\Users\胡家伟的windows\Desktop\RlToMinDFA\RlToMinDFA\removeabasolong.h(193,20): warning C4018: “<”: 有符号/无符号不匹配
C:\Users\胡家伟的windows\Desktop\RlToMinDFA\RlToMinDFA\removeabasolong.h(217,20): warning C4018: “<”: 有符号/无符号不匹配
  RlToMinDFA.vcxproj -> C:\Users\胡家伟的windows\Desktop\RlToMinDFA\Debug\RlToMinDFA.exe
